<?xml version="1.0" encoding="UTF-8"?>
<robot generator="Robot 7.2.2 (Python 3.11.0 on win32)" generated="2025-06-09T10:06:41.962430" rpa="false" schemaversion="5">
<suite id="s1" name="LoginSignUpTests" source="C:\automation\demo\RobotFramework\MAIN\Tests\LoginSignUpTests.robot">
<test id="s1-t1" name="Login with Valid Credentials and Logout" line="8">
<kw name="Run Keywords" owner="BuiltIn" type="SETUP">
<kw name="Begin Web Test" owner="GeneralKeywords">
<if>
<branch type="IF" condition="'${METHOD}' == '${EMPTY}'">
<kw name="Set Selenium Timeout" owner="Zoomba.GUILibrary">
<arg>${timeout}</arg>
<doc>Sets the timeout that is used by various keywords.</doc>
<status status="PASS" start="2025-06-09T10:06:46.239570" elapsed="0.000000"/>
</kw>
<kw name="Set Selenium Speed" owner="Zoomba.GUILibrary">
<arg>${seleniumTimeout}</arg>
<doc>Sets the delay that is waited after each Selenium command.</doc>
<status status="PASS" start="2025-06-09T10:06:46.239570" elapsed="0.001010"/>
</kw>
<kw name="Open Browser" owner="Zoomba.GUILibrary">
<msg time="2025-06-09T10:06:46.240580" level="INFO">Opening browser 'chrome' to base url 'https://www.automationexercise.com/'.</msg>
<arg>${WEB_URL}</arg>
<arg>${BROWSER}</arg>
<doc>Opens a new browser instance to the optional ``url``.</doc>
<status status="PASS" start="2025-06-09T10:06:46.240580" elapsed="6.547580"/>
</kw>
<kw name="Maximize Browser Window" owner="Zoomba.GUILibrary">
<doc>Maximizes current browser window.</doc>
<status status="PASS" start="2025-06-09T10:06:52.788666" elapsed="0.182844"/>
</kw>
<status status="PASS" start="2025-06-09T10:06:46.237129" elapsed="6.734381"/>
</branch>
<branch type="ELSE">
<kw name="Evaluate" owner="BuiltIn">
<var>${chrome_options}</var>
<arg>sys.modules['selenium.webdriver'].ChromeOptions()</arg>
<arg>sys, selenium.webdriver</arg>
<doc>Evaluates the given expression in Python and returns the result.</doc>
<status status="NOT RUN" start="2025-06-09T10:06:52.972026" elapsed="0.000000"/>
</kw>
<kw name="Set Variable" owner="BuiltIn">
<var>${headless_arg}</var>
<arg>headless=new</arg>
<doc>Returns the given values which can then be assigned to a variables.</doc>
<status status="NOT RUN" start="2025-06-09T10:06:52.972539" elapsed="0.000000"/>
</kw>
<kw name="Set Variable" owner="BuiltIn">
<var>${winsize}</var>
<arg>window-size=1920,1080</arg>
<doc>Returns the given values which can then be assigned to a variables.</doc>
<status status="NOT RUN" start="2025-06-09T10:06:52.972539" elapsed="0.000000"/>
</kw>
<kw name="Set Variable" owner="BuiltIn">
<var>${proxy-list}</var>
<arg>proxy-bypass-list=*</arg>
<doc>Returns the given values which can then be assigned to a variables.</doc>
<status status="NOT RUN" start="2025-06-09T10:06:52.972539" elapsed="0.000000"/>
</kw>
<kw name="Set Variable" owner="BuiltIn">
<var>${proxy-server}</var>
<arg>proxy-server='direct://'</arg>
<doc>Returns the given values which can then be assigned to a variables.</doc>
<status status="NOT RUN" start="2025-06-09T10:06:52.972539" elapsed="0.000000"/>
</kw>
<kw name="Call Method" owner="BuiltIn">
<arg>${chrome_options}</arg>
<arg>add_argument</arg>
<arg>--${winsize}</arg>
<doc>Calls the named method of the given object with the provided arguments.</doc>
<status status="NOT RUN" start="2025-06-09T10:06:52.972539" elapsed="0.000000"/>
</kw>
<kw name="Call Method" owner="BuiltIn">
<arg>${chrome_options}</arg>
<arg>add_argument</arg>
<arg>--${headless_arg}</arg>
<doc>Calls the named method of the given object with the provided arguments.</doc>
<status status="NOT RUN" start="2025-06-09T10:06:52.973590" elapsed="0.000000"/>
</kw>
<kw name="Call Method" owner="BuiltIn">
<arg>${chrome_options}</arg>
<arg>add_argument</arg>
<arg>--ignore-certificate-errors</arg>
<doc>Calls the named method of the given object with the provided arguments.</doc>
<status status="NOT RUN" start="2025-06-09T10:06:52.973590" elapsed="0.000000"/>
</kw>
<kw name="Call Method" owner="BuiltIn">
<arg>${chrome_options}</arg>
<arg>add_argument</arg>
<arg>--disable-gpu</arg>
<doc>Calls the named method of the given object with the provided arguments.</doc>
<status status="NOT RUN" start="2025-06-09T10:06:52.973590" elapsed="0.000000"/>
</kw>
<kw name="Call Method" owner="BuiltIn">
<arg>${chrome_options}</arg>
<arg>add_argument</arg>
<arg>--allow-running-insecure-content</arg>
<doc>Calls the named method of the given object with the provided arguments.</doc>
<status status="NOT RUN" start="2025-06-09T10:06:52.973590" elapsed="0.000000"/>
</kw>
<kw name="Call Method" owner="BuiltIn">
<arg>${chrome_options}</arg>
<arg>add_argument</arg>
<arg>--start-maximized</arg>
<doc>Calls the named method of the given object with the provided arguments.</doc>
<status status="NOT RUN" start="2025-06-09T10:06:52.973590" elapsed="0.000000"/>
</kw>
<kw name="Call Method" owner="BuiltIn">
<arg>${chrome_options}</arg>
<arg>add_argument</arg>
<arg>--${proxy-list}</arg>
<doc>Calls the named method of the given object with the provided arguments.</doc>
<status status="NOT RUN" start="2025-06-09T10:06:52.974593" elapsed="0.000000"/>
</kw>
<kw name="Call Method" owner="BuiltIn">
<arg>${chrome_options}</arg>
<arg>add_argument</arg>
<arg>--disable-dev-shm-usage</arg>
<doc>Calls the named method of the given object with the provided arguments.</doc>
<status status="NOT RUN" start="2025-06-09T10:06:52.974593" elapsed="0.000000"/>
</kw>
<kw name="Call Method" owner="BuiltIn">
<arg>${chrome_options}</arg>
<arg>add_argument</arg>
<arg>--no-sandbox</arg>
<doc>Calls the named method of the given object with the provided arguments.</doc>
<status status="NOT RUN" start="2025-06-09T10:06:52.974593" elapsed="0.000000"/>
</kw>
<kw name="Call Method" owner="BuiltIn">
<arg>${chrome_options}</arg>
<arg>add_argument</arg>
<arg>--disable-extensions</arg>
<doc>Calls the named method of the given object with the provided arguments.</doc>
<status status="NOT RUN" start="2025-06-09T10:06:52.974593" elapsed="0.000000"/>
</kw>
<kw name="Call Method" owner="BuiltIn">
<arg>${chrome_options}</arg>
<arg>add_argument</arg>
<arg>--${proxy-server}</arg>
<doc>Calls the named method of the given object with the provided arguments.</doc>
<status status="NOT RUN" start="2025-06-09T10:06:52.974593" elapsed="0.000000"/>
</kw>
<kw name="Create Webdriver" owner="Zoomba.GUILibrary">
<arg>Chrome</arg>
<arg>options=${chrome_options}</arg>
<doc>Creates an instance of Selenium WebDriver.</doc>
<status status="NOT RUN" start="2025-06-09T10:06:52.975594" elapsed="0.000000"/>
</kw>
<kw name="Set Selenium Timeout" owner="Zoomba.GUILibrary">
<arg>${timeout}</arg>
<doc>Sets the timeout that is used by various keywords.</doc>
<status status="NOT RUN" start="2025-06-09T10:06:52.975594" elapsed="0.000000"/>
</kw>
<kw name="Set Selenium Speed" owner="Zoomba.GUILibrary">
<arg>${seleniumTimeout}</arg>
<doc>Sets the delay that is waited after each Selenium command.</doc>
<status status="NOT RUN" start="2025-06-09T10:06:52.975594" elapsed="0.000000"/>
</kw>
<kw name="Go To" owner="Zoomba.GUILibrary">
<arg>${WEB_URL}</arg>
<doc>Navigates the current browser window to the provided ``url``.</doc>
<status status="NOT RUN" start="2025-06-09T10:06:52.975594" elapsed="0.000000"/>
</kw>
<status status="NOT RUN" start="2025-06-09T10:06:52.971510" elapsed="0.004084"/>
</branch>
<status status="PASS" start="2025-06-09T10:06:46.237129" elapsed="6.738465"/>
</if>
<kw name="Register Keyword To Run On Failure" owner="Zoomba.GUILibrary">
<msg time="2025-06-09T10:06:52.976596" level="INFO">Save Selenium Screenshot will be run on failure.</msg>
<arg>Save Selenium Screenshot</arg>
<doc>Sets the keyword to execute, when a SeleniumLibrary keyword fails.</doc>
<status status="PASS" start="2025-06-09T10:06:52.975594" elapsed="0.001002"/>
</kw>
<status status="PASS" start="2025-06-09T10:06:46.237129" elapsed="6.739467"/>
</kw>
<kw name="Wait For And Click Element" owner="Zoomba.GUILibrary">
<kw name="Set Focus To Element" owner="Zoomba.GUILibrary">
<arg>//*[contains(@class,'navbar')]//*[contains(text(),'Signup')]</arg>
<doc>Sets the focus to the element identified by ``locator``.</doc>
<status status="PASS" start="2025-06-09T10:06:53.439403" elapsed="0.223971"/>
</kw>
<msg time="2025-06-09T10:06:53.663374" level="INFO">Clicking element '//*[contains(@class,'navbar')]//*[contains(text(),'Signup')]'.</msg>
<arg>${signup_login_menu_icon}</arg>
<doc>This is a series of chained Selenium keywords, that tries to find a web element first, and then clicks it.
If the element fails to be clicked, it will scroll to the bottom of the page and try again.</doc>
<status status="PASS" start="2025-06-09T10:06:52.976596" elapsed="1.598656"/>
</kw>
<arg>Begin Web Test</arg>
<arg>AND</arg>
<arg>Wait For And Click Element</arg>
<arg>${signup_login_menu_icon}</arg>
<doc>Executes all the given keywords in a sequence.</doc>
<status status="PASS" start="2025-06-09T10:06:46.235610" elapsed="8.339642"/>
</kw>
<kw name="Login To Application" owner="SignUpLoginPage">
<kw name="Input Text Surely" owner="WebHelpers">
<for flavor="IN RANGE">
<iter>
<if>
<branch type="IF" condition="'${clear}' != '${EMPTY}'">
<kw name="Clear Field" owner="WebHelpers">
<arg>${locator}</arg>
<status status="NOT RUN" start="2025-06-09T10:06:54.579274" elapsed="0.000000"/>
</kw>
<status status="NOT RUN" start="2025-06-09T10:06:54.578272" elapsed="0.001002"/>
</branch>
<status status="PASS" start="2025-06-09T10:06:54.578272" elapsed="0.001002"/>
</if>
<kw name="Wait For And Input Text" owner="Zoomba.GUILibrary">
<kw name="Set Focus To Element" owner="Zoomba.GUILibrary">
<arg>css:input[data-qa='login-email']</arg>
<doc>Sets the focus to the element identified by ``locator``.</doc>
<status status="PASS" start="2025-06-09T10:06:55.044726" elapsed="0.220239"/>
</kw>
<msg time="2025-06-09T10:06:55.264965" level="INFO">Typing text 'lvqa@testlv.qa.com' into text field 'css:input[data-qa='login-email']'.</msg>
<arg>${locator}</arg>
<arg>${text}</arg>
<doc>This is a series of chained Selenium keywords, that tries to find a web element first, and then input text.
If the element fails to typed into, it will scroll to the bottom of the page and try again.</doc>
<status status="PASS" start="2025-06-09T10:06:54.579274" elapsed="1.091074"/>
</kw>
<kw name="Get Text" owner="Zoomba.GUILibrary">
<msg time="2025-06-09T10:06:55.891819" level="INFO">${enteredText} = </msg>
<var>${enteredText}</var>
<arg>${locator}</arg>
<doc>Returns the text value of the element identified by ``locator``.</doc>
<status status="PASS" start="2025-06-09T10:06:55.670348" elapsed="0.221471"/>
</kw>
<kw name="Get Value" owner="Zoomba.GUILibrary">
<msg time="2025-06-09T10:06:56.114071" level="INFO">${enteredValue} = lvqa@testlv.qa.com</msg>
<var>${enteredValue}</var>
<arg>${locator}</arg>
<doc>Returns the value attribute of the element identified by ``locator``.</doc>
<status status="PASS" start="2025-06-09T10:06:55.892335" elapsed="0.221736"/>
</kw>
<if>
<branch type="IF" condition="'${enteredText}' != '${EMPTY}'">
<if>
<branch type="IF" condition="'${enteredText}' == '${text}'">
<break>
<status status="NOT RUN" start="2025-06-09T10:06:56.114071" elapsed="0.000000"/>
</break>
<status status="NOT RUN" start="2025-06-09T10:06:56.114071" elapsed="0.000000"/>
</branch>
<status status="NOT RUN" start="2025-06-09T10:06:56.114071" elapsed="0.001575"/>
</if>
<status status="NOT RUN" start="2025-06-09T10:06:56.114071" elapsed="0.001575"/>
</branch>
<branch type="ELSE">
<if>
<branch type="IF" condition="'${enteredValue}' == '${text}'">
<break>
<status status="PASS" start="2025-06-09T10:06:56.115646" elapsed="0.000000"/>
</break>
<status status="PASS" start="2025-06-09T10:06:56.115646" elapsed="0.000000"/>
</branch>
<status status="PASS" start="2025-06-09T10:06:56.115646" elapsed="0.000000"/>
</if>
<status status="PASS" start="2025-06-09T10:06:56.115646" elapsed="0.000000"/>
</branch>
<status status="PASS" start="2025-06-09T10:06:56.114071" elapsed="0.001575"/>
</if>
<var name="${i}">0</var>
<status status="PASS" start="2025-06-09T10:06:54.578272" elapsed="1.537374"/>
</iter>
<var>${i}</var>
<value>9999</value>
<status status="PASS" start="2025-06-09T10:06:54.577269" elapsed="1.538377"/>
</for>
<arg>${login_email_input}</arg>
<arg>${email}</arg>
<status status="PASS" start="2025-06-09T10:06:54.576269" elapsed="1.539377"/>
</kw>
<kw name="Input Text Surely" owner="WebHelpers">
<for flavor="IN RANGE">
<iter>
<if>
<branch type="IF" condition="'${clear}' != '${EMPTY}'">
<kw name="Clear Field" owner="WebHelpers">
<arg>${locator}</arg>
<status status="NOT RUN" start="2025-06-09T10:06:56.119813" elapsed="0.000000"/>
</kw>
<status status="NOT RUN" start="2025-06-09T10:06:56.118808" elapsed="0.001005"/>
</branch>
<status status="PASS" start="2025-06-09T10:06:56.118808" elapsed="0.001005"/>
</if>
<kw name="Wait For And Input Text" owner="Zoomba.GUILibrary">
<kw name="Set Focus To Element" owner="Zoomba.GUILibrary">
<arg>css:input[data-qa='login-password']</arg>
<doc>Sets the focus to the element identified by ``locator``.</doc>
<status status="PASS" start="2025-06-09T10:06:56.448482" elapsed="0.221692"/>
</kw>
<msg time="2025-06-09T10:06:56.670174" level="INFO">Typing text 'qweqwe' into text field 'css:input[data-qa='login-password']'.</msg>
<arg>${locator}</arg>
<arg>${text}</arg>
<doc>This is a series of chained Selenium keywords, that tries to find a web element first, and then input text.
If the element fails to typed into, it will scroll to the bottom of the page and try again.</doc>
<status status="PASS" start="2025-06-09T10:06:56.119813" elapsed="0.960838"/>
</kw>
<kw name="Get Text" owner="Zoomba.GUILibrary">
<msg time="2025-06-09T10:06:57.299082" level="INFO">${enteredText} = </msg>
<var>${enteredText}</var>
<arg>${locator}</arg>
<doc>Returns the text value of the element identified by ``locator``.</doc>
<status status="PASS" start="2025-06-09T10:06:57.080651" elapsed="0.218431"/>
</kw>
<kw name="Get Value" owner="Zoomba.GUILibrary">
<msg time="2025-06-09T10:06:57.520150" level="INFO">${enteredValue} = qweqwe</msg>
<var>${enteredValue}</var>
<arg>${locator}</arg>
<doc>Returns the value attribute of the element identified by ``locator``.</doc>
<status status="PASS" start="2025-06-09T10:06:57.299082" elapsed="0.221068"/>
</kw>
<if>
<branch type="IF" condition="'${enteredText}' != '${EMPTY}'">
<if>
<branch type="IF" condition="'${enteredText}' == '${text}'">
<break>
<status status="NOT RUN" start="2025-06-09T10:06:57.522209" elapsed="0.000509"/>
</break>
<status status="NOT RUN" start="2025-06-09T10:06:57.522209" elapsed="0.000509"/>
</branch>
<status status="NOT RUN" start="2025-06-09T10:06:57.522209" elapsed="0.000509"/>
</if>
<status status="NOT RUN" start="2025-06-09T10:06:57.520150" elapsed="0.002568"/>
</branch>
<branch type="ELSE">
<if>
<branch type="IF" condition="'${enteredValue}' == '${text}'">
<break>
<status status="PASS" start="2025-06-09T10:06:57.522718" elapsed="0.000000"/>
</break>
<status status="PASS" start="2025-06-09T10:06:57.522718" elapsed="0.000000"/>
</branch>
<status status="PASS" start="2025-06-09T10:06:57.522718" elapsed="0.000000"/>
</if>
<status status="PASS" start="2025-06-09T10:06:57.522718" elapsed="0.000000"/>
</branch>
<status status="PASS" start="2025-06-09T10:06:57.520150" elapsed="0.002568"/>
</if>
<var name="${i}">0</var>
<status status="PASS" start="2025-06-09T10:06:56.118808" elapsed="1.403910"/>
</iter>
<var>${i}</var>
<value>9999</value>
<status status="PASS" start="2025-06-09T10:06:56.117196" elapsed="1.405522"/>
</for>
<arg>${login_password_input}</arg>
<arg>${password}</arg>
<status status="PASS" start="2025-06-09T10:06:56.115646" elapsed="1.408150"/>
</kw>
<kw name="Wait For And Click Element" owner="Zoomba.GUILibrary">
<kw name="Set Focus To Element" owner="Zoomba.GUILibrary">
<arg>css:button[data-qa='login-button']</arg>
<doc>Sets the focus to the element identified by ``locator``.</doc>
<status status="PASS" start="2025-06-09T10:06:57.854461" elapsed="0.218867"/>
</kw>
<msg time="2025-06-09T10:06:58.073839" level="INFO">Clicking element 'css:button[data-qa='login-button']'.</msg>
<arg>${login_btn}</arg>
<doc>This is a series of chained Selenium keywords, that tries to find a web element first, and then clicks it.
If the element fails to be clicked, it will scroll to the bottom of the page and try again.</doc>
<status status="PASS" start="2025-06-09T10:06:57.523796" elapsed="3.151033"/>
</kw>
<arg>${login_tester}</arg>
<arg>${password}</arg>
<status status="PASS" start="2025-06-09T10:06:54.575252" elapsed="6.099577"/>
</kw>
<kw name="Wait Until Page Contains Element" owner="Zoomba.GUILibrary">
<arg>${delete_account_menu_icon}</arg>
<doc>Waits until the element ``locator`` appears on the current page.</doc>
<status status="PASS" start="2025-06-09T10:07:00.675830" elapsed="0.136924"/>
</kw>
<kw name="Wait For And Click Element" owner="Zoomba.GUILibrary">
<kw name="Set Focus To Element" owner="Zoomba.GUILibrary">
<arg>//*[contains(@class,'navbar')]//*[contains(text(),'Logout')]</arg>
<doc>Sets the focus to the element identified by ``locator``.</doc>
<status status="PASS" start="2025-06-09T10:07:01.148194" elapsed="0.217527"/>
</kw>
<msg time="2025-06-09T10:07:01.365721" level="INFO">Clicking element '//*[contains(@class,'navbar')]//*[contains(text(),'Logout')]'.</msg>
<arg>${logout_menu_icon}</arg>
<doc>This is a series of chained Selenium keywords, that tries to find a web element first, and then clicks it.
If the element fails to be clicked, it will scroll to the bottom of the page and try again.</doc>
<status status="PASS" start="2025-06-09T10:07:00.812754" elapsed="1.777872"/>
</kw>
<kw name="Page Should Have URL Matching" owner="WebHelpers">
<kw name="Get Location" owner="Zoomba.GUILibrary">
<msg time="2025-06-09T10:07:02.752637" level="INFO">${url} = https://www.automationexercise.com/login</msg>
<var>${url}</var>
<doc>Returns the current browser window URL.</doc>
<status status="PASS" start="2025-06-09T10:07:02.590626" elapsed="0.162011"/>
</kw>
<kw name="Should Match Regexp" owner="BuiltIn">
<arg>${url}</arg>
<arg>${pattern}</arg>
<doc>Fails if ``string`` does not match ``pattern`` as a regular expression.</doc>
<status status="PASS" start="2025-06-09T10:07:02.753159" elapsed="0.000000"/>
</kw>
<arg>.*login</arg>
<status status="PASS" start="2025-06-09T10:07:02.590626" elapsed="0.162533"/>
</kw>
<kw name="Wait Until Page Contains Element" owner="Zoomba.GUILibrary">
<arg>${signup_login_menu_icon}</arg>
<doc>Waits until the element ``locator`` appears on the current page.</doc>
<status status="PASS" start="2025-06-09T10:07:02.753159" elapsed="0.110859"/>
</kw>
<kw name="Wait Until Page Contains Element" owner="Zoomba.GUILibrary">
<arg>${login_email_input}</arg>
<doc>Waits until the element ``locator`` appears on the current page.</doc>
<status status="PASS" start="2025-06-09T10:07:02.864018" elapsed="0.109708"/>
</kw>
<kw name="End Web Test" owner="GeneralKeywords" type="TEARDOWN">
<kw name="Close Browser" owner="Zoomba.GUILibrary">
<doc>Closes the current browser.</doc>
<status status="PASS" start="2025-06-09T10:07:02.974772" elapsed="2.363036"/>
</kw>
<status status="PASS" start="2025-06-09T10:07:02.974772" elapsed="2.363036"/>
</kw>
<tag>Critical</tag>
<status status="PASS" start="2025-06-09T10:06:46.234610" elapsed="19.103198"/>
</test>
<status status="PASS" start="2025-06-09T10:06:41.963442" elapsed="23.375627"/>
</suite>
<statistics>
<total>
<stat pass="1" fail="0" skip="0">All Tests</stat>
</total>
<tag>
<stat pass="1" fail="0" skip="0">Critical</stat>
</tag>
<suite>
<stat name="LoginSignUpTests" id="s1" pass="1" fail="0" skip="0">LoginSignUpTests</stat>
</suite>
</statistics>
<errors>
</errors>
</robot>
