<?xml version="1.0" encoding="UTF-8"?>
<robot generator="Robot 7.2.2 (Python 3.11.0 on win32)" generated="2025-06-09T11:01:31.409088" rpa="false" schemaversion="5">
<suite id="s1" name="ApiTests" source="C:\automation\demo\RobotFramework\MAIN\Tests\ApiTests.robot">
<test id="s1-t1" name="Get User Account Details By Email" line="13">
<kw name="API - Get User Details By Email" owner="ApiHelpers">
<kw name="Create Dictionary" owner="BuiltIn">
<msg time="2025-06-09T11:01:32.645889" level="INFO">${params} = {'email': 'lvqa@testlv.qa.com'}</msg>
<var>${params}</var>
<arg>email=${email}</arg>
<doc>Creates and returns a dictionary based on the given ``items``.</doc>
<status status="PASS" start="2025-06-09T11:01:32.645889" elapsed="0.001033"/>
</kw>
<kw name="Send API Request" owner="ApiHelpers">
<kw name="Disable SSL Warnings" owner="ApiHelpers">
<kw name="Evaluate" owner="BuiltIn">
<arg>__import__('urllib3').disable_warnings(__import__('urllib3').exceptions.InsecureRequestWarning)</arg>
<doc>Evaluates the given expression in Python and returns the result.</doc>
<status status="PASS" start="2025-06-09T11:01:32.649026" elapsed="0.000000"/>
</kw>
<status status="PASS" start="2025-06-09T11:01:32.649026" elapsed="0.000000"/>
</kw>
<kw name="Create Session" owner="RequestsLibrary">
<msg time="2025-06-09T11:01:32.650089" level="INFO">Creating Session using : alias=mysession, url=https://www.automationexercise.com/api/, headers={},                     cookies={}, auth=None, timeout=None, proxies=None, verify=False,                     debug=0 </msg>
<arg>mysession</arg>
<arg>${API_URL}</arg>
<doc>Create Session: create a HTTP session to a server</doc>
<status status="PASS" start="2025-06-09T11:01:32.650089" elapsed="0.000000"/>
</kw>
<if>
<branch type="IF" condition="'${method}' == 'GET'">
<kw name="GET On Session" owner="RequestsLibrary">
<msg time="2025-06-09T11:01:33.502334" level="INFO">GET Request : url=https://www.automationexercise.com/api/getUserDetailByEmail?email=lvqa%40testlv.qa.com 
 path_url=/api/getUserDetailByEmail?email=lvqa%40testlv.qa.com 
 headers={} 
 body=None 
 </msg>
<msg time="2025-06-09T11:01:33.502334" level="INFO">GET Response : url=https://www.automationexercise.com/api/getUserDetailByEmail?email=lvqa%40testlv.qa.com 
 status=200, reason=OK 
 headers={'Date': 'Mon, 09 Jun 2025 08:01:31 GMT', 'Content-Type': 'text/html; charset=utf-8', 'Transfer-Encoding': 'chunked', 'Connection': 'keep-alive', 'Vary': 'Accept,Cookie,Accept-Encoding', 'Referrer-Policy': 'same-origin', 'X-Frame-Options': 'DENY', 'X-Content-Type-Options': 'nosniff', 'Allow': 'GET, POST, OPTIONS, DELETE, PUT', 'X-Powered-By': 'Phusion Passenger(R) 6.0.23', 'Status': '200 OK', 'Report-To': '{"group":"cf-nel","max_age":604800,"endpoints":[{"url":"https://a.nel.cloudflare.com/report/v4?s=dqQtjjcD19BJoyYNrNfiN7fN29baOuYX4eOYYQP0%2BAINOJEpYYZWueSxQ5KKPgzbos0xa%2B0FoBMBwCGnj%2FLlz4KYDS8vZig2Xs6NWJ91p%2BVxCmhEFmuphw%3D%3D"}]}', 'Server': 'cloudflare', 'Cf-Cache-Status': 'DYNAMIC', 'Nel': '{"report_to":"cf-nel","success_fraction":0.0,"max_age":604800}', 'CF-RAY': '94cf19f9ae0e0545-OTP', 'alt-svc': 'h3=":443"; ma=86400'} 
 body={"responseCode": 200, "user": {"id": 702512, "name": "lvqa", "email": "lvqa@testlv.qa.com", "title": "Mr", "birth_day": "18", "birth_month": "1", "birth_year": "1961", "first_name": "LV", "last_name": "QA", "company": "QA", "address1": "QA str 11", "address2": "", "country": "United States", "state": "UTAH", "city": "QA City", "zipcode": "12421414"}} 
 </msg>
<msg time="2025-06-09T11:01:33.502334" level="INFO">${response} = &lt;Response [200]&gt;</msg>
<var>${response}</var>
<arg>mysession</arg>
<arg>${endpoint}</arg>
<arg>params=${params}</arg>
<arg>headers=${headers}</arg>
<doc>Sends a GET request on a previously created HTTP Session.</doc>
<status status="PASS" start="2025-06-09T11:01:32.650089" elapsed="0.852245"/>
</kw>
<status status="PASS" start="2025-06-09T11:01:32.650089" elapsed="0.852245"/>
</branch>
<branch type="ELSE IF" condition="'${method}' == 'POST'">
<kw name="POST On Session" owner="RequestsLibrary">
<var>${response}</var>
<arg>mysession</arg>
<arg>${endpoint}</arg>
<arg>params=${params}</arg>
<arg>data=${data}</arg>
<arg>json=${json}</arg>
<arg>headers=${headers}</arg>
<doc>Sends a POST request on a previously created HTTP Session.</doc>
<status status="NOT RUN" start="2025-06-09T11:01:33.503356" elapsed="0.000000"/>
</kw>
<status status="NOT RUN" start="2025-06-09T11:01:33.502334" elapsed="0.001022"/>
</branch>
<branch type="ELSE IF" condition="'${method}' == 'PUT'">
<kw name="PUT On Session" owner="RequestsLibrary">
<var>${response}</var>
<arg>mysession</arg>
<arg>${endpoint}</arg>
<arg>data=${data}</arg>
<arg>json=${json}</arg>
<arg>headers=${headers}</arg>
<doc>Sends a PUT request on a previously created HTTP Session.</doc>
<status status="NOT RUN" start="2025-06-09T11:01:33.503356" elapsed="0.000000"/>
</kw>
<status status="NOT RUN" start="2025-06-09T11:01:33.503356" elapsed="0.000000"/>
</branch>
<branch type="ELSE IF" condition="'${method}' == 'DELETE'">
<kw name="DELETE On Session" owner="RequestsLibrary">
<var>${response}</var>
<arg>mysession</arg>
<arg>${endpoint}</arg>
<arg>params=${params}</arg>
<arg>headers=${headers}</arg>
<doc>Sends a DELETE request on a previously created HTTP Session.</doc>
<status status="NOT RUN" start="2025-06-09T11:01:33.503356" elapsed="0.000000"/>
</kw>
<status status="NOT RUN" start="2025-06-09T11:01:33.503356" elapsed="0.000000"/>
</branch>
<branch type="ELSE">
<kw name="Fail" owner="BuiltIn">
<arg>Unsupported HTTP method: ${method}</arg>
<doc>Fails the test with the given message and optionally alters its tags.</doc>
<status status="NOT RUN" start="2025-06-09T11:01:33.504359" elapsed="0.000000"/>
</kw>
<status status="NOT RUN" start="2025-06-09T11:01:33.503356" elapsed="0.001003"/>
</branch>
<status status="PASS" start="2025-06-09T11:01:32.650089" elapsed="0.854270"/>
</if>
<return>
<value>${response}</value>
<status status="PASS" start="2025-06-09T11:01:33.504359" elapsed="0.000000"/>
</return>
<msg time="2025-06-09T11:01:33.504359" level="INFO">${response} = &lt;Response [200]&gt;</msg>
<var>${response}</var>
<arg>method=GET</arg>
<arg>endpoint=getUserDetailByEmail</arg>
<arg>params=${params}</arg>
<status status="PASS" start="2025-06-09T11:01:32.646922" elapsed="0.857437"/>
</kw>
<kw name="Convert String To Json" owner="JSONLibrary">
<msg time="2025-06-09T11:01:33.505359" level="INFO">${json} = {'responseCode': 200, 'user': {'id': 702512, 'name': 'lvqa', 'email': 'lvqa@testlv.qa.com', 'title': 'Mr', 'birth_day': '18', 'birth_month': '1', 'birth_year': '1961', 'first_name': 'LV', 'last_name':...</msg>
<var>${json}</var>
<arg>${response.text}</arg>
<doc>Convert String to JSON object</doc>
<status status="PASS" start="2025-06-09T11:01:33.505359" elapsed="0.001003"/>
</kw>
<return>
<value>${response}</value>
<value>${json}</value>
<status status="PASS" start="2025-06-09T11:01:33.506362" elapsed="0.000000"/>
</return>
<msg time="2025-06-09T11:01:33.506362" level="INFO">${res} = &lt;Response [200]&gt;</msg>
<msg time="2025-06-09T11:01:33.506362" level="INFO">${json} = {'responseCode': 200, 'user': {'id': 702512, 'name': 'lvqa', 'email': 'lvqa@testlv.qa.com', 'title': 'Mr', 'birth_day': '18', 'birth_month': '1', 'birth_year': '1961', 'first_name': 'LV', 'last_name':...</msg>
<var>${res}</var>
<var>${json}</var>
<arg>${login_tester}</arg>
<status status="PASS" start="2025-06-09T11:01:32.644863" elapsed="0.861499"/>
</kw>
<kw name="Should Be Equal As Integers" owner="BuiltIn">
<msg time="2025-06-09T11:01:33.507364" level="INFO">Argument types are:
&lt;class 'int'&gt;
&lt;class 'str'&gt;</msg>
<arg>${json['responseCode']}</arg>
<arg>200</arg>
<doc>Fails if objects are unequal after converting them to integers.</doc>
<status status="PASS" start="2025-06-09T11:01:33.506362" elapsed="0.001002"/>
</kw>
<kw name="Verify Dictionary Is Not Empty" owner="DataHelpers">
<kw name="Get Dictionary Keys" owner="Collections">
<msg time="2025-06-09T11:01:33.508367" level="INFO">${user_keys} = ['address1', 'address2', 'birth_day', 'birth_month', 'birth_year', 'city', 'company', 'country', 'email', 'first_name', 'id', 'last_name', 'name', 'state', 'title', 'zipcode']</msg>
<var>${user_keys}</var>
<arg>${dict}</arg>
<doc>Returns keys of the given ``dictionary`` as a list.</doc>
<status status="PASS" start="2025-06-09T11:01:33.508367" elapsed="0.000000"/>
</kw>
<kw name="Get Length" owner="BuiltIn">
<msg time="2025-06-09T11:01:33.510372" level="INFO">Length is 16.</msg>
<msg time="2025-06-09T11:01:33.510372" level="INFO">${count} = 16</msg>
<var>${count}</var>
<arg>${user_keys}</arg>
<doc>Returns and logs the length of the given item as an integer.</doc>
<status status="PASS" start="2025-06-09T11:01:33.509370" elapsed="0.001002"/>
</kw>
<kw name="Should Be True" owner="BuiltIn">
<arg>${count} &gt; 0</arg>
<doc>Fails if the given condition is not true.</doc>
<status status="PASS" start="2025-06-09T11:01:33.510372" elapsed="0.001003"/>
</kw>
<arg>${json['user']}</arg>
<status status="PASS" start="2025-06-09T11:01:33.507364" elapsed="0.004011"/>
</kw>
<kw name="Clear API Responses Directory" owner="ApiHelpers" type="TEARDOWN">
<kw name="Empty Directory" owner="OperatingSystem">
<msg time="2025-06-09T11:01:33.511375" level="INFO" html="true">Listing contents of directory '&lt;a href="file://C:\automation\demo\RobotFramework\MAIN\API\api_responses"&gt;C:\automation\demo\RobotFramework\MAIN\API\api_responses&lt;/a&gt;'.</msg>
<msg time="2025-06-09T11:01:33.512377" level="INFO" html="true">Emptied directory '&lt;a href="file://C:\automation\demo\RobotFramework\MAIN\API\api_responses"&gt;C:\automation\demo\RobotFramework\MAIN\API\api_responses&lt;/a&gt;'.</msg>
<arg>C:\\automation\\demo\\RobotFramework\\MAIN\\API/api_responses</arg>
<doc>Deletes all the content from the given directory.</doc>
<status status="PASS" start="2025-06-09T11:01:33.511375" elapsed="0.001002"/>
</kw>
<status status="PASS" start="2025-06-09T11:01:33.511375" elapsed="0.001002"/>
</kw>
<tag>Critical</tag>
<status status="PASS" start="2025-06-09T11:01:32.643831" elapsed="0.868546"/>
</test>
<status status="PASS" start="2025-06-09T11:01:31.411578" elapsed="2.101304"/>
</suite>
<statistics>
<total>
<stat pass="1" fail="0" skip="0">All Tests</stat>
</total>
<tag>
<stat pass="1" fail="0" skip="0">Critical</stat>
</tag>
<suite>
<stat name="ApiTests" id="s1" pass="1" fail="0" skip="0">ApiTests</stat>
</suite>
</statistics>
<errors>
</errors>
</robot>
